<?xml version="1.0" encoding="UTF-8"?>
<!-- Generated by org.testng.reporters.JUnitReportReporter -->
<testsuite hostname="DESKTOP-6QOO14N" failures="0" tests="3" name="tasecases.homePageTest" time="60.284" errors="0" timestamp="2022-12-24T21:56:47 IST" skipped="0">
  <testcase classname="tasecases.homePageTest" name="verifyContactsLinkTest" time="20.588"/>
  <system-out/>
  <testcase classname="tasecases.homePageTest" name="verifyHomepageTitleTest" time="18.435"/>
  <system-out/>
  <testcase classname="tasecases.homePageTest" name="verifyuserLabelTest" time="21.261"/>
  <system-out/>
</testsuite> <!-- tasecases.homePageTest -->
