<?xml version="1.0" encoding="UTF-8"?>
<!-- Generated by org.testng.reporters.JUnitReportReporter -->
<testsuite hostname="DESKTOP-6QOO14N" failures="0" tests="1" name="tasecases.calenderPageTest" time="42.597" errors="0" timestamp="2022-12-21T07:03:50 IST" skipped="0">
  <testcase classname="tasecases.calenderPageTest" name="validateDateSelection" time="42.597"/>
  <system-out/>
</testsuite> <!-- tasecases.calenderPageTest -->
