<?xml version="1.0" encoding="UTF-8"?>
<!-- Generated by org.testng.reporters.JUnitReportReporter -->
<testsuite hostname="DESKTOP-6QOO14N" failures="0" tests="3" name="tasecases.loginPageTest" time="52.445" errors="0" timestamp="2022-12-11T23:08:59 IST" skipped="0">
  <testcase classname="tasecases.loginPageTest" name="verifyloginPageTitleTest" time="15.319"/>
  <system-out/>
  <testcase classname="tasecases.loginPageTest" name="crmLogoTest" time="11.849"/>
  <system-out/>
  <testcase classname="tasecases.loginPageTest" name="verifyloginTest" time="25.277"/>
  <system-out/>
</testsuite> <!-- tasecases.loginPageTest -->
