<?xml version="1.0" encoding="UTF-8"?>
<!-- Generated by org.testng.reporters.JUnitReportReporter -->
<testsuite hostname="DESKTOP-6QOO14N" failures="1" tests="3" name="tasecases.dealsPageTest" time="74.874" errors="0" timestamp="2022-12-25T09:11:58 IST" skipped="0">
  <testcase classname="tasecases.dealsPageTest" name="verifyLabelOfdealsPage" time="22.796"/>
  <system-out/>
  <testcase classname="tasecases.dealsPageTest" name="verifyTitleofdealPageTest" time="20.536"/>
  <system-out/>
  <testcase classname="tasecases.dealsPageTest" name="verifyTextMessageOfTypeHelPTest" time="31.542">
    <failure message="expected [Field Sets are customizable data selectors which are used for various records type. For example, the Stage field in a Deal record is a Field Set. Most Field Sets have a default set of values, but all of them can be customized to fit your needs. To customize a Field Set, open the Setup screen, and select the Field Set option.
Choose the Set you would like to change from the list of sets, and modify the values in the form that will open below.] but found [Field Sets are customizable data selectors which are used for various records type. For example, the Stage field in a Deal record is a Field Set. Most Field Sets have a default set of values, but all of them can be customized to fit your needs. To customize a Field Set, open the Setup screen, and select the Field Set option.
Choose the Set you would like to change from the list of sets, and modify the values in the form that will open below.]" type="java.lang.AssertionError">
      <![CDATA[java.lang.AssertionError: expected [Field Sets are customizable data selectors which are used for various records type. For example, the Stage field in a Deal record is a Field Set. Most Field Sets have a default set of values, but all of them can be customized to fit your needs. To customize a Field Set, open the Setup screen, and select the Field Set option.
Choose the Set you would like to change from the list of sets, and modify the values in the form that will open below.] but found [Field Sets are customizable data selectors which are used for various records type. For example, the Stage field in a Deal record is a Field Set. Most Field Sets have a default set of values, but all of them can be customized to fit your needs. To customize a Field Set, open the Setup screen, and select the Field Set option.
Choose the Set you would like to change from the list of sets, and modify the values in the form that will open below.]
at org.testng.Assert.fail(Assert.java:99)
at org.testng.Assert.failNotEquals(Assert.java:1037)
at org.testng.Assert.assertEqualsImpl(Assert.java:140)
at org.testng.Assert.assertEquals(Assert.java:122)
at org.testng.Assert.assertEquals(Assert.java:629)
at org.testng.Assert.assertEquals(Assert.java:639)
at tasecases.dealsPageTest.verifyTextMessageOfTypeHelPTest(dealsPageTest.java:63)
at java.base/jdk.internal.reflect.DirectMethodHandleAccessor.invoke(DirectMethodHandleAccessor.java:104)
at java.base/java.lang.reflect.Method.invoke(Method.java:577)
at org.testng.internal.MethodInvocationHelper.invokeMethod(MethodInvocationHelper.java:133)
at org.testng.internal.TestInvoker.invokeMethod(TestInvoker.java:598)
at org.testng.internal.TestInvoker.invokeTestMethod(TestInvoker.java:173)
at org.testng.internal.MethodRunner.runInSequence(MethodRunner.java:46)
at org.testng.internal.TestInvoker$MethodInvocationAgent.invoke(TestInvoker.java:824)
at org.testng.internal.TestInvoker.invokeTestMethods(TestInvoker.java:146)
at org.testng.internal.TestMethodWorker.invokeTestMethods(TestMethodWorker.java:146)
at org.testng.internal.TestMethodWorker.run(TestMethodWorker.java:128)
at java.base/java.util.ArrayList.forEach(ArrayList.java:1511)
at org.testng.TestRunner.privateRun(TestRunner.java:794)
at org.testng.TestRunner.run(TestRunner.java:596)
at org.testng.SuiteRunner.runTest(SuiteRunner.java:377)
at org.testng.SuiteRunner.runSequentially(SuiteRunner.java:371)
at org.testng.SuiteRunner.privateRun(SuiteRunner.java:332)
at org.testng.SuiteRunner.run(SuiteRunner.java:276)
at org.testng.SuiteRunnerWorker.runSuite(SuiteRunnerWorker.java:53)
at org.testng.SuiteRunnerWorker.run(SuiteRunnerWorker.java:96)
at org.testng.TestNG.runSuitesSequentially(TestNG.java:1212)
at org.testng.TestNG.runSuitesLocally(TestNG.java:1134)
at org.testng.TestNG.runSuites(TestNG.java:1063)
at org.testng.TestNG.run(TestNG.java:1031)
at org.testng.remote.AbstractRemoteTestNG.run(AbstractRemoteTestNG.java:115)
at org.testng.remote.RemoteTestNG.initAndRun(RemoteTestNG.java:251)
at org.testng.remote.RemoteTestNG.main(RemoteTestNG.java:77)
]]>
    </failure>
  </testcase> <!-- verifyTextMessageOfTypeHelPTest -->
  <system-out/>
</testsuite> <!-- tasecases.dealsPageTest -->
