<?xml version="1.0" encoding="UTF-8"?>
<!-- Generated by org.testng.reporters.JUnitReportReporter -->
<testsuite hostname="DESKTOP-6QOO14N" failures="0" tests="3" name="tasecases.homePageTest" time="52.978" errors="0" timestamp="2022-12-31T16:46:40 IST" skipped="0">
  <testcase classname="tasecases.homePageTest" name="verifyContactsLinkTest" time="20.582"/>
  <system-out/>
  <testcase classname="tasecases.homePageTest" name="verifyuserLabelTest" time="16.216"/>
  <system-out/>
  <testcase classname="tasecases.homePageTest" name="verifyHomepageTitleTest" time="16.180"/>
  <system-out/>
</testsuite> <!-- tasecases.homePageTest -->
