<?xml version="1.0" encoding="UTF-8"?>
<!-- Generated by org.testng.reporters.JUnitReportReporter -->
<testsuite hostname="DESKTOP-6QOO14N" failures="0" tests="8" name="tasecases.contactsPageTest" time="190.745" errors="0" timestamp="2022-12-31T16:46:40 IST" skipped="0">
  <testcase classname="tasecases.contactsPageTest" name="verifyTitleOfContactPageTest" time="18.717"/>
  <system-out/>
  <testcase classname="tasecases.contactsPageTest" name="verifyContactsPageLabelTest" time="23.676"/>
  <system-out/>
  <testcase classname="tasecases.contactsPageTest" name="selectContextTest" time="18.914"/>
  <system-out/>
  <testcase classname="tasecases.contactsPageTest" name="selectMultipleContactTest" time="25.918"/>
  <system-out/>
  <testcase classname="tasecases.contactsPageTest" name="validateCreateNewContact" time="24.318"/>
  <system-out/>
  <testcase classname="tasecases.contactsPageTest" name="validateCreateNewContact" time="25.228"/>
  <system-out/>
  <testcase classname="tasecases.contactsPageTest" name="validateCreateNewContact" time="30.197"/>
  <system-out/>
  <testcase classname="tasecases.contactsPageTest" name="validateCreateNewContact" time="23.777"/>
  <system-out/>
</testsuite> <!-- tasecases.contactsPageTest -->
