<?xml version="1.0" encoding="UTF-8"?>
<!-- Generated by org.testng.reporters.JUnitReportReporter -->
<testsuite hostname="DESKTOP-6QOO14N" failures="0" tests="1" name="tasecases.calenderPageTest" time="33.513" errors="0" timestamp="2022-12-24T12:45:13 IST" skipped="0">
  <testcase classname="tasecases.calenderPageTest" name="validateDateSelection" time="33.513"/>
  <system-out/>
</testsuite> <!-- tasecases.calenderPageTest -->
