<?xml version="1.0" encoding="UTF-8"?>
<!-- Generated by org.testng.reporters.JUnitReportReporter -->
<testsuite hostname="DESKTOP-6QOO14N" failures="0" tests="8" name="tasecases.contactsPageTest" time="181.738" errors="0" timestamp="2022-12-24T13:17:23 IST" skipped="0">
  <testcase classname="tasecases.contactsPageTest" name="verifyTitleOfContactPageTest" time="19.973"/>
  <system-out/>
  <testcase classname="tasecases.contactsPageTest" name="verifyContactsPageLabelTest" time="18.128"/>
  <system-out/>
  <testcase classname="tasecases.contactsPageTest" name="selectContextTest" time="21.878"/>
  <system-out/>
  <testcase classname="tasecases.contactsPageTest" name="selectMultipleContactTest" time="20.641"/>
  <system-out/>
  <testcase classname="tasecases.contactsPageTest" name="validateCreateNewContact" time="26.776"/>
  <system-out/>
  <testcase classname="tasecases.contactsPageTest" name="validateCreateNewContact" time="29.058"/>
  <system-out/>
  <testcase classname="tasecases.contactsPageTest" name="validateCreateNewContact" time="23.322"/>
  <system-out/>
  <testcase classname="tasecases.contactsPageTest" name="validateCreateNewContact" time="21.962"/>
  <system-out/>
</testsuite> <!-- tasecases.contactsPageTest -->
